# JRE version: Java(TM) SE Runtime Environment (17.0.2+8) (build 17.0.2+8-LTS-86)
# Java VM: Java HotSpot(TM) 64-Bit Server VM (17.0.2+8-LTS-86, mixed mode, sharing, tiered, compressed oops, compressed class ptrs, g1 gc, windows-amd64)
GC Precious Log:
 CPUs: 8 total, 8 available
 Memory: 6058M
 Large Page Support: Disabled
 NUMA Support: Disabled
 Compressed Oops: Enabled (32-bit)
 Heap Region Size: 1M
 Heap Min Capacity: 8M
 Heap Initial Capacity: 96M
 Heap Max Capacity: 2G
 Pre-touch: Disabled
 Parallel Workers: 8
 Concurrent Workers: 2
 Concurrent Refinement Workers: 8
 Periodic GC: Disabled
Heap:
 garbage-first heap   total 94208K, used 62454K [0x0000000080000000, 0x0000000100000000)
  region size 1024K, 12 young (12288K), 3 survivors (3072K)
 Metaspace       used 61696K, committed 62336K, reserved 479232K
  class space    used 8465K, committed 8768K, reserved 421888K
GC Heap History (20 events):
Event: 42.884 GC heap before
{Heap before GC invocations=9 (full 0):
 garbage-first heap   total 86016K, used 63824K [0x0000000080000000, 0x0000000100000000)
  region size 1024K, 36 young (36864K), 4 survivors (4096K)
 Metaspace       used 34815K, committed 35264K, reserved 454656K
  class space    used 4721K, committed 4928K, reserved 421888K
}
Event: 42.894 GC heap after
{Heap after GC invocations=10 (full 0):
 garbage-first heap   total 86016K, used 33481K [0x0000000080000000, 0x0000000100000000)
  region size 1024K, 3 young (3072K), 3 survivors (3072K)
 Metaspace       used 34815K, committed 35264K, reserved 454656K
  class space    used 4721K, committed 4928K, reserved 421888K
}
Event: 43.455 GC heap before
{Heap before GC invocations=10 (full 0):
 garbage-first heap   total 86016K, used 40649K [0x0000000080000000, 0x0000000100000000)
  region size 1024K, 11 young (11264K), 3 survivors (3072K)
 Metaspace       used 35729K, committed 36160K, reserved 454656K
  class space    used 4882K, committed 5056K, reserved 421888K
}
Event: 43.461 GC heap after
{Heap after GC invocations=11 (full 0):
 garbage-first heap   total 86016K, used 33897K [0x0000000080000000, 0x0000000100000000)
  region size 1024K, 3 young (3072K), 3 survivors (3072K)
 Metaspace       used 35729K, committed 36160K, reserved 454656K
  class space    used 4882K, committed 5056K, reserved 421888K
}
Event: 45.344 GC heap before
{Heap before GC invocations=12 (full 0):
 garbage-first heap   total 86016K, used 65641K [0x0000000080000000, 0x0000000100000000)
  region size 1024K, 34 young (34816K), 3 survivors (3072K)
 Metaspace       used 39512K, committed 40064K, reserved 462848K
  class space    used 5507K, committed 5760K, reserved 421888K
}
Event: 45.354 GC heap after
{Heap after GC invocations=13 (full 0):
 garbage-first heap   total 86016K, used 35661K [0x0000000080000000, 0x0000000100000000)
  region size 1024K, 3 young (3072K), 3 survivors (3072K)
 Metaspace       used 39512K, committed 40064K, reserved 462848K
  class space    used 5507K, committed 5760K, reserved 421888K
}
Event: 47.701 GC heap before
{Heap before GC invocations=13 (full 0):
 garbage-first heap   total 86016K, used 66381K [0x0000000080000000, 0x0000000100000000)
  region size 1024K, 33 young (33792K), 3 survivors (3072K)
 Metaspace       used 45223K, committed 45760K, reserved 462848K
  class space    used 6210K, committed 6464K, reserved 421888K
}
Event: 47.709 GC heap after
{Heap after GC invocations=14 (full 0):
 garbage-first heap   total 86016K, used 38094K [0x0000000080000000, 0x0000000100000000)
  region size 1024K, 5 young (5120K), 5 survivors (5120K)
 Metaspace       used 45223K, committed 45760K, reserved 462848K
  class space    used 6210K, committed 6464K, reserved 421888K
}
Event: 49.791 GC heap before
{Heap before GC invocations=14 (full 0):
 garbage-first heap   total 86016K, used 58574K [0x0000000080000000, 0x0000000100000000)
  region size 1024K, 24 young (24576K), 5 survivors (5120K)
 Metaspace       used 48675K, committed 49280K, reserved 471040K
  class space    used 6676K, committed 6976K, reserved 421888K
}
Event: 49.811 GC heap after
{Heap after GC invocations=15 (full 0):
 garbage-first heap   total 86016K, used 42474K [0x0000000080000000, 0x0000000100000000)
  region size 1024K, 3 young (3072K), 3 survivors (3072K)
 Metaspace       used 48675K, committed 49280K, reserved 471040K
  class space    used 6676K, committed 6976K, reserved 421888K
}
Event: 51.175 GC heap before
{Heap before GC invocations=16 (full 0):
 garbage-first heap   total 86016K, used 71146K [0x0000000080000000, 0x0000000100000000)
  region size 1024K, 27 young (27648K), 3 survivors (3072K)
 Metaspace       used 52218K, committed 52800K, reserved 471040K
  class space    used 7151K, committed 7424K, reserved 421888K
}
Event: 51.183 GC heap after
{Heap after GC invocations=17 (full 0):
 garbage-first heap   total 86016K, used 49068K [0x0000000080000000, 0x0000000100000000)
  region size 1024K, 3 young (3072K), 3 survivors (3072K)
 Metaspace       used 52218K, committed 52800K, reserved 471040K
  class space    used 7151K, committed 7424K, reserved 421888K
}
Event: 52.283 GC heap before
{Heap before GC invocations=17 (full 0):
 garbage-first heap   total 86016K, used 68524K [0x0000000080000000, 0x0000000100000000)
  region size 1024K, 22 young (22528K), 3 survivors (3072K)
 Metaspace       used 54263K, committed 54848K, reserved 471040K
  class space    used 7479K, committed 7744K, reserved 421888K
}
Event: 52.288 GC heap after
{Heap after GC invocations=18 (full 0):
 garbage-first heap   total 86016K, used 50227K [0x0000000080000000, 0x0000000100000000)
  region size 1024K, 2 young (2048K), 2 survivors (2048K)
 Metaspace       used 54263K, committed 54848K, reserved 471040K
  class space    used 7479K, committed 7744K, reserved 421888K
}
Event: 53.414 GC heap before
{Heap before GC invocations=19 (full 0):
 garbage-first heap   total 89088K, used 69683K [0x0000000080000000, 0x0000000100000000)
  region size 1024K, 21 young (21504K), 2 survivors (2048K)
 Metaspace       used 56246K, committed 56896K, reserved 479232K
  class space    used 7764K, committed 8064K, reserved 421888K
}
Event: 53.419 GC heap after
{Heap after GC invocations=20 (full 0):
 garbage-first heap   total 89088K, used 51288K [0x0000000080000000, 0x0000000100000000)
  region size 1024K, 3 young (3072K), 3 survivors (3072K)
 Metaspace       used 56246K, committed 56896K, reserved 479232K
  class space    used 7764K, committed 8064K, reserved 421888K
}
Event: 54.337 GC heap before
{Heap before GC invocations=20 (full 0):
 garbage-first heap   total 89088K, used 72792K [0x0000000080000000, 0x0000000100000000)
  region size 1024K, 24 young (24576K), 3 survivors (3072K)
 Metaspace       used 59048K, committed 59648K, reserved 479232K
  class space    used 8122K, committed 8384K, reserved 421888K
}
Event: 54.342 GC heap after
{Heap after GC invocations=21 (full 0):
 garbage-first heap   total 89088K, used 52631K [0x0000000080000000, 0x0000000100000000)
  region size 1024K, 3 young (3072K), 3 survivors (3072K)
 Metaspace       used 59048K, committed 59648K, reserved 479232K
  class space    used 8122K, committed 8384K, reserved 421888K
}
Event: 55.415 GC heap before
{Heap before GC invocations=22 (full 0):
 garbage-first heap   total 94208K, used 72087K [0x0000000080000000, 0x0000000100000000)
  region size 1024K, 23 young (23552K), 3 survivors (3072K)
 Metaspace       used 60768K, committed 61376K, reserved 479232K
  class space    used 8330K, committed 8640K, reserved 421888K
}
Event: 55.422 GC heap after
{Heap after GC invocations=23 (full 0):
 garbage-first heap   total 94208K, used 54262K [0x0000000080000000, 0x0000000100000000)
  region size 1024K, 3 young (3072K), 3 survivors (3072K)
 Metaspace       used 60768K, committed 61376K, reserved 479232K
  class space    used 8330K, committed 8640K, reserved 421888K
}

